# JRE version: Java(TM) SE Runtime Environment (8.0_101-b13) (build 1.8.0_101-b13)
# Java VM: Java HotSpot(TM) 64-Bit Server VM (25.101-b13 mixed mode windows-amd64 compressed oops)
Heap:
 PSYoungGen      total 658432K, used 145343K [0x00000000d5900000, 0x0000000100000000, 0x0000000100000000)
  eden space 621568K, 18% used [0x00000000d5900000,0x00000000dc66d278,0x00000000fb800000)
  from space 36864K, 90% used [0x00000000fb800000,0x00000000fd882cc0,0x00000000fdc00000)
  to   space 36864K, 0% used [0x00000000fdc00000,0x00000000fdc00000,0x0000000100000000)
 ParOldGen       total 276992K, used 177038K [0x0000000080a00000, 0x0000000091880000, 0x00000000d5900000)
  object space 276992K, 63% used [0x0000000080a00000,0x000000008b6e3b98,0x0000000091880000)
 Metaspace       used 13167K, capacity 13392K, committed 13568K, reserved 1060864K
  class space    used 1422K, capacity 1492K, committed 1536K, reserved 1048576K
GC Heap History (10 events):
Event: 10.472 GC heap before
{Heap before GC invocations=13 (full 0):
 PSYoungGen      total 675328K, used 669568K [0x00000000d5900000, 0x0000000100000000, 0x0000000100000000)
  eden space 656384K, 100% used [0x00000000d5900000,0x00000000fda00000,0x00000000fda00000)
  from space 18944K, 69% used [0x00000000fed80000,0x00000000ffa60000,0x0000000100000000)
  to   space 19456K, 0% used [0x00000000fda00000,0x00000000fda00000,0x00000000fed00000)
 ParOldGen       total 87552K, used 44562K [0x0000000080a00000, 0x0000000085f80000, 0x00000000d5900000)
  object space 87552K, 50% used [0x0000000080a00000,0x00000000835849e0,0x0000000085f80000)
 Metaspace       used 4770K, capacity 5132K, committed 5248K, reserved 1056768K
  class space    used 515K, capacity 564K, committed 640K, reserved 1048576K
Event: 10.499 GC heap after
Heap after GC invocations=13 (full 0):
 PSYoungGen      total 675840K, used 19456K [0x00000000d5900000, 0x0000000100000000, 0x0000000100000000)
  eden space 656384K, 0% used [0x00000000d5900000,0x00000000d5900000,0x00000000fda00000)
  from space 19456K, 100% used [0x00000000fda00000,0x00000000fed00000,0x00000000fed00000)
  to   space 19456K, 0% used [0x00000000fed00000,0x00000000fed00000,0x0000000100000000)
 ParOldGen       total 87552K, used 60322K [0x0000000080a00000, 0x0000000085f80000, 0x00000000d5900000)
  object space 87552K, 68% used [0x0000000080a00000,0x00000000844e89e0,0x0000000085f80000)
 Metaspace       used 4770K, capacity 5132K, committed 5248K, reserved 1056768K
  class space    used 515K, capacity 564K, committed 640K, reserved 1048576K
}
Event: 14.769 GC heap before
{Heap before GC invocations=14 (full 0):
 PSYoungGen      total 675840K, used 675840K [0x00000000d5900000, 0x0000000100000000, 0x0000000100000000)
  eden space 656384K, 100% used [0x00000000d5900000,0x00000000fda00000,0x00000000fda00000)
  from space 19456K, 100% used [0x00000000fda00000,0x00000000fed00000,0x00000000fed00000)
  to   space 19456K, 0% used [0x00000000fed00000,0x00000000fed00000,0x0000000100000000)
 ParOldGen       total 87552K, used 60322K [0x0000000080a00000, 0x0000000085f80000, 0x00000000d5900000)
  object space 87552K, 68% used [0x0000000080a00000,0x00000000844e89e0,0x0000000085f80000)
 Metaspace       used 4770K, capacity 5132K, committed 5248K, reserved 1056768K
  class space    used 515K, capacity 564K, committed 640K, reserved 1048576K
Event: 14.792 GC heap after
Heap after GC invocations=14 (full 0):
 PSYoungGen      total 641024K, used 19456K [0x00000000d5900000, 0x0000000100000000, 0x0000000100000000)
  eden space 621568K, 0% used [0x00000000d5900000,0x00000000d5900000,0x00000000fb800000)
  from space 19456K, 100% used [0x00000000fed00000,0x0000000100000000,0x0000000100000000)
  to   space 36864K, 0% used [0x00000000fb800000,0x00000000fb800000,0x00000000fdc00000)
 ParOldGen       total 87552K, used 81114K [0x0000000080a00000, 0x0000000085f80000, 0x00000000d5900000)
  object space 87552K, 92% used [0x0000000080a00000,0x00000000859369e0,0x0000000085f80000)
 Metaspace       used 4770K, capacity 5132K, committed 5248K, reserved 1056768K
  class space    used 515K, capacity 564K, committed 640K, reserved 1048576K
}
Event: 14.792 GC heap before
{Heap before GC invocations=15 (full 1):
 PSYoungGen      total 641024K, used 19456K [0x00000000d5900000, 0x0000000100000000, 0x0000000100000000)
  eden space 621568K, 0% used [0x00000000d5900000,0x00000000d5900000,0x00000000fb800000)
  from space 19456K, 100% used [0x00000000fed00000,0x0000000100000000,0x0000000100000000)
  to   space 36864K, 0% used [0x00000000fb800000,0x00000000fb800000,0x00000000fdc00000)
 ParOldGen       total 87552K, used 81114K [0x0000000080a00000, 0x0000000085f80000, 0x00000000d5900000)
  object space 87552K, 92% used [0x0000000080a00000,0x00000000859369e0,0x0000000085f80000)
 Metaspace       used 4770K, capacity 5132K, committed 5248K, reserved 1056768K
  class space    used 515K, capacity 564K, committed 640K, reserved 1048576K
Event: 14.900 GC heap after
Heap after GC invocations=15 (full 1):
 PSYoungGen      total 641024K, used 12240K [0x00000000d5900000, 0x0000000100000000, 0x0000000100000000)
  eden space 621568K, 0% used [0x00000000d5900000,0x00000000d5900000,0x00000000fb800000)
  from space 19456K, 62% used [0x00000000fed00000,0x00000000ff8f4008,0x0000000100000000)
  to   space 36864K, 0% used [0x00000000fb800000,0x00000000fb800000,0x00000000fdc00000)
 ParOldGen       total 150016K, used 87531K [0x0000000080a00000, 0x0000000089c80000, 0x00000000d5900000)
  object space 150016K, 58% used [0x0000000080a00000,0x0000000085f7ad58,0x0000000089c80000)
 Metaspace       used 4770K, capacity 5132K, committed 5248K, reserved 1056768K
  class space    used 515K, capacity 564K, committed 640K, reserved 1048576K
}
Event: 305.761 GC heap before
{Heap before GC invocations=16 (full 1):
 PSYoungGen      total 641024K, used 633808K [0x00000000d5900000, 0x0000000100000000, 0x0000000100000000)
  eden space 621568K, 100% used [0x00000000d5900000,0x00000000fb800000,0x00000000fb800000)
  from space 19456K, 62% used [0x00000000fed00000,0x00000000ff8f4008,0x0000000100000000)
  to   space 36864K, 0% used [0x00000000fb800000,0x00000000fb800000,0x00000000fdc00000)
 ParOldGen       total 150016K, used 87531K [0x0000000080a00000, 0x0000000089c80000, 0x00000000d5900000)
  object space 150016K, 58% used [0x0000000080a00000,0x0000000085f7ad58,0x0000000089c80000)
 Metaspace       used 13031K, capacity 13264K, committed 13568K, reserved 1060864K
  class space    used 1417K, capacity 1492K, committed 1536K, reserved 1048576K
Event: 305.849 GC heap after
Heap after GC invocations=16 (full 1):
 PSYoungGen      total 658432K, used 36861K [0x00000000d5900000, 0x0000000100000000, 0x0000000100000000)
  eden space 621568K, 0% used [0x00000000d5900000,0x00000000d5900000,0x00000000fb800000)
  from space 36864K, 99% used [0x00000000fb800000,0x00000000fdbff728,0x00000000fdc00000)
  to   space 36864K, 0% used [0x00000000fdc00000,0x00000000fdc00000,0x0000000100000000)
 ParOldGen       total 177152K, used 177139K [0x0000000080a00000, 0x000000008b700000, 0x00000000d5900000)
  object space 177152K, 99% used [0x0000000080a00000,0x000000008b6fcd78,0x000000008b700000)
 Metaspace       used 13031K, capacity 13264K, committed 13568K, reserved 1060864K
  class space    used 1417K, capacity 1492K, committed 1536K, reserved 1048576K
}
Event: 305.849 GC heap before
{Heap before GC invocations=17 (full 2):
 PSYoungGen      total 658432K, used 36861K [0x00000000d5900000, 0x0000000100000000, 0x0000000100000000)
  eden space 621568K, 0% used [0x00000000d5900000,0x00000000d5900000,0x00000000fb800000)
  from space 36864K, 99% used [0x00000000fb800000,0x00000000fdbff728,0x00000000fdc00000)
  to   space 36864K, 0% used [0x00000000fdc00000,0x00000000fdc00000,0x0000000100000000)
 ParOldGen       total 177152K, used 177139K [0x0000000080a00000, 0x000000008b700000, 0x00000000d5900000)
  object space 177152K, 99% used [0x0000000080a00000,0x000000008b6fcd78,0x000000008b700000)
 Metaspace       used 13031K, capacity 13264K, committed 13568K, reserved 1060864K
  class space    used 1417K, capacity 1492K, committed 1536K, reserved 1048576K
Event: 306.073 GC heap after
Heap after GC invocations=17 (full 2):
 PSYoungGen      total 658432K, used 33291K [0x00000000d5900000, 0x0000000100000000, 0x0000000100000000)
  eden space 621568K, 0% used [0x00000000d5900000,0x00000000d5900000,0x00000000fb800000)
  from space 36864K, 90% used [0x00000000fb800000,0x00000000fd882cc0,0x00000000fdc00000)
  to   space 36864K, 0% used [0x00000000fdc00000,0x00000000fdc00000,0x0000000100000000)
 ParOldGen       total 276992K, used 177038K [0x0000000080a00000, 0x0000000091880000, 0x00000000d5900000)
  object space 276992K, 63% used [0x0000000080a00000,0x000000008b6e3b98,0x0000000091880000)
 Metaspace       used 13031K, capacity 13264K, committed 13568K, reserved 1060864K
  class space    used 1417K, capacity 1492K, committed 1536K, reserved 1048576K
}

