# JRE version: Java(TM) SE Runtime Environment (8.0_101-b13) (build 1.8.0_101-b13)
# Java VM: Java HotSpot(TM) 64-Bit Server VM (25.101-b13 mixed mode windows-amd64 compressed oops)
Heap:
 PSYoungGen      total 377344K, used 97426K [0x00000000d5900000, 0x00000000f3380000, 0x0000000100000000)
  eden space 376320K, 25% used [0x00000000d5900000,0x00000000db7748a8,0x00000000ec880000)
  from space 1024K, 68% used [0x00000000ed900000,0x00000000ed9b0000,0x00000000eda00000)
  to   space 54784K, 0% used [0x00000000efe00000,0x00000000efe00000,0x00000000f3380000)
 ParOldGen       total 285696K, used 216025K [0x0000000080a00000, 0x0000000092100000, 0x00000000d5900000)
  object space 285696K, 75% used [0x0000000080a00000,0x000000008dcf6488,0x0000000092100000)
 Metaspace       used 17994K, capacity 18344K, committed 18816K, reserved 1067008K
  class space    used 1937K, capacity 2062K, committed 2176K, reserved 1048576K
GC Heap History (10 events):
Event: 8354.183 GC heap before
{Heap before GC invocations=23 (full 2):
 PSYoungGen      total 516608K, used 471520K [0x00000000d5900000, 0x00000000fad00000, 0x0000000100000000)
  eden space 471040K, 100% used [0x00000000d5900000,0x00000000f2500000,0x00000000f2500000)
  from space 45568K, 1% used [0x00000000f8080000,0x00000000f80f8000,0x00000000fad00000)
  to   space 69632K, 0% used [0x00000000f2500000,0x00000000f2500000,0x00000000f6900000)
 ParOldGen       total 285696K, used 216017K [0x0000000080a00000, 0x0000000092100000, 0x00000000d5900000)
  object space 285696K, 75% used [0x0000000080a00000,0x000000008dcf4488,0x0000000092100000)
 Metaspace       used 17729K, capacity 18056K, committed 18432K, reserved 1064960K
  class space    used 1928K, capacity 2030K, committed 2048K, reserved 1048576K
Event: 8354.189 GC heap after
Heap after GC invocations=23 (full 2):
 PSYoungGen      total 451072K, used 544K [0x00000000d5900000, 0x00000000f9280000, 0x0000000100000000)
  eden space 450048K, 0% used [0x00000000d5900000,0x00000000d5900000,0x00000000f1080000)
  from space 1024K, 53% used [0x00000000f2500000,0x00000000f2588000,0x00000000f2600000)
  to   space 66560K, 0% used [0x00000000f5180000,0x00000000f5180000,0x00000000f9280000)
 ParOldGen       total 285696K, used 216025K [0x0000000080a00000, 0x0000000092100000, 0x00000000d5900000)
  object space 285696K, 75% used [0x0000000080a00000,0x000000008dcf6488,0x0000000092100000)
 Metaspace       used 17729K, capacity 18056K, committed 18432K, reserved 1064960K
  class space    used 1928K, capacity 2030K, committed 2048K, reserved 1048576K
}
Event: 9558.030 GC heap before
{Heap before GC invocations=24 (full 2):
 PSYoungGen      total 451072K, used 450592K [0x00000000d5900000, 0x00000000f9280000, 0x0000000100000000)
  eden space 450048K, 100% used [0x00000000d5900000,0x00000000f1080000,0x00000000f1080000)
  from space 1024K, 53% used [0x00000000f2500000,0x00000000f2588000,0x00000000f2600000)
  to   space 66560K, 0% used [0x00000000f5180000,0x00000000f5180000,0x00000000f9280000)
 ParOldGen       total 285696K, used 216025K [0x0000000080a00000, 0x0000000092100000, 0x00000000d5900000)
  object space 285696K, 75% used [0x0000000080a00000,0x000000008dcf6488,0x0000000092100000)
 Metaspace       used 17736K, capacity 18056K, committed 18432K, reserved 1064960K
  class space    used 1928K, capacity 2030K, committed 2048K, reserved 1048576K
Event: 9558.036 GC heap after
Heap after GC invocations=24 (full 2):
 PSYoungGen      total 471552K, used 608K [0x00000000d5900000, 0x00000000f7a00000, 0x0000000100000000)
  eden space 430080K, 0% used [0x00000000d5900000,0x00000000d5900000,0x00000000efd00000)
  from space 41472K, 1% used [0x00000000f5180000,0x00000000f5218000,0x00000000f7a00000)
  to   space 64000K, 0% used [0x00000000efd00000,0x00000000efd00000,0x00000000f3b80000)
 ParOldGen       total 285696K, used 216025K [0x0000000080a00000, 0x0000000092100000, 0x00000000d5900000)
  object space 285696K, 75% used [0x0000000080a00000,0x000000008dcf6488,0x0000000092100000)
 Metaspace       used 17736K, capacity 18056K, committed 18432K, reserved 1064960K
  class space    used 1928K, capacity 2030K, committed 2048K, reserved 1048576K
}
Event: 10706.561 GC heap before
{Heap before GC invocations=25 (full 2):
 PSYoungGen      total 471552K, used 430688K [0x00000000d5900000, 0x00000000f7a00000, 0x0000000100000000)
  eden space 430080K, 100% used [0x00000000d5900000,0x00000000efd00000,0x00000000efd00000)
  from space 41472K, 1% used [0x00000000f5180000,0x00000000f5218000,0x00000000f7a00000)
  to   space 64000K, 0% used [0x00000000efd00000,0x00000000efd00000,0x00000000f3b80000)
 ParOldGen       total 285696K, used 216025K [0x0000000080a00000, 0x0000000092100000, 0x00000000d5900000)
  object space 285696K, 75% used [0x0000000080a00000,0x000000008dcf6488,0x0000000092100000)
 Metaspace       used 17736K, capacity 18056K, committed 18432K, reserved 1064960K
  class space    used 1928K, capacity 2030K, committed 2048K, reserved 1048576K
Event: 10706.585 GC heap after
Heap after GC invocations=25 (full 2):
 PSYoungGen      total 412160K, used 640K [0x00000000d5900000, 0x00000000f6180000, 0x0000000100000000)
  eden space 411136K, 0% used [0x00000000d5900000,0x00000000d5900000,0x00000000eea80000)
  from space 1024K, 62% used [0x00000000efd00000,0x00000000efda0000,0x00000000efe00000)
  to   space 60928K, 0% used [0x00000000f2600000,0x00000000f2600000,0x00000000f6180000)
 ParOldGen       total 285696K, used 216025K [0x0000000080a00000, 0x0000000092100000, 0x00000000d5900000)
  object space 285696K, 75% used [0x0000000080a00000,0x000000008dcf6488,0x0000000092100000)
 Metaspace       used 17736K, capacity 18056K, committed 18432K, reserved 1064960K
  class space    used 1928K, capacity 2030K, committed 2048K, reserved 1048576K
}
Event: 11802.558 GC heap before
{Heap before GC invocations=26 (full 2):
 PSYoungGen      total 412160K, used 411776K [0x00000000d5900000, 0x00000000f6180000, 0x0000000100000000)
  eden space 411136K, 100% used [0x00000000d5900000,0x00000000eea80000,0x00000000eea80000)
  from space 1024K, 62% used [0x00000000efd00000,0x00000000efda0000,0x00000000efe00000)
  to   space 60928K, 0% used [0x00000000f2600000,0x00000000f2600000,0x00000000f6180000)
 ParOldGen       total 285696K, used 216025K [0x0000000080a00000, 0x0000000092100000, 0x00000000d5900000)
  object space 285696K, 75% used [0x0000000080a00000,0x000000008dcf6488,0x0000000092100000)
 Metaspace       used 17736K, capacity 18056K, committed 18432K, reserved 1064960K
  class space    used 1928K, capacity 2030K, committed 2048K, reserved 1048576K
Event: 11802.563 GC heap after
Heap after GC invocations=26 (full 2):
 PSYoungGen      total 430080K, used 640K [0x00000000d5900000, 0x00000000f4a00000, 0x0000000100000000)
  eden space 393216K, 0% used [0x00000000d5900000,0x00000000d5900000,0x00000000ed900000)
  from space 36864K, 1% used [0x00000000f2600000,0x00000000f26a0000,0x00000000f4a00000)
  to   space 57856K, 0% used [0x00000000ed900000,0x00000000ed900000,0x00000000f1180000)
 ParOldGen       total 285696K, used 216025K [0x0000000080a00000, 0x0000000092100000, 0x00000000d5900000)
  object space 285696K, 75% used [0x0000000080a00000,0x000000008dcf6488,0x0000000092100000)
 Metaspace       used 17736K, capacity 18056K, committed 18432K, reserved 1064960K
  class space    used 1928K, capacity 2030K, committed 2048K, reserved 1048576K
}
Event: 12847.926 GC heap before
{Heap before GC invocations=27 (full 2):
 PSYoungGen      total 430080K, used 393856K [0x00000000d5900000, 0x00000000f4a00000, 0x0000000100000000)
  eden space 393216K, 100% used [0x00000000d5900000,0x00000000ed900000,0x00000000ed900000)
  from space 36864K, 1% used [0x00000000f2600000,0x00000000f26a0000,0x00000000f4a00000)
  to   space 57856K, 0% used [0x00000000ed900000,0x00000000ed900000,0x00000000f1180000)
 ParOldGen       total 285696K, used 216025K [0x0000000080a00000, 0x0000000092100000, 0x00000000d5900000)
  object space 285696K, 75% used [0x0000000080a00000,0x000000008dcf6488,0x0000000092100000)
 Metaspace       used 17922K, capacity 18280K, committed 18560K, reserved 1064960K
  class space    used 1935K, capacity 2062K, committed 2176K, reserved 1048576K
Event: 12847.931 GC heap after
Heap after GC invocations=27 (full 2):
 PSYoungGen      total 377344K, used 704K [0x00000000d5900000, 0x00000000f3380000, 0x0000000100000000)
  eden space 376320K, 0% used [0x00000000d5900000,0x00000000d5900000,0x00000000ec880000)
  from space 1024K, 68% used [0x00000000ed900000,0x00000000ed9b0000,0x00000000eda00000)
  to   space 54784K, 0% used [0x00000000efe00000,0x00000000efe00000,0x00000000f3380000)
 ParOldGen       total 285696K, used 216025K [0x0000000080a00000, 0x0000000092100000, 0x00000000d5900000)
  object space 285696K, 75% used [0x0000000080a00000,0x000000008dcf6488,0x0000000092100000)
 Metaspace       used 17922K, capacity 18280K, committed 18560K, reserved 1064960K
  class space    used 1935K, capacity 2062K, committed 2176K, reserved 1048576K
}

