# JRE version: Java(TM) SE Runtime Environment (8.0_101-b13) (build 1.8.0_101-b13)
# Java VM: Java HotSpot(TM) 64-Bit Server VM (25.101-b13 mixed mode windows-amd64 compressed oops)
Heap:
 PSYoungGen      total 462848K, used 71725K [0x00000000d5900000, 0x00000000fc480000, 0x0000000100000000)
  eden space 293376K, 14% used [0x00000000d5900000,0x00000000d83d7600,0x00000000e7780000)
  from space 169472K, 16% used [0x00000000e7780000,0x00000000e92b4010,0x00000000f1d00000)
  to   space 165888K, 0% used [0x00000000f2280000,0x00000000f2280000,0x00000000fc480000)
 ParOldGen       total 359424K, used 195261K [0x0000000080a00000, 0x0000000096900000, 0x00000000d5900000)
  object space 359424K, 54% used [0x0000000080a00000,0x000000008c8af440,0x0000000096900000)
 Metaspace       used 18425K, capacity 18866K, committed 19200K, reserved 1067008K
  class space    used 2065K, capacity 2199K, committed 2304K, reserved 1048576K
GC Heap History (10 events):
Event: 24.248 GC heap before
{Heap before GC invocations=19 (full 1):
 PSYoungGen      total 387072K, used 379641K [0x00000000d5900000, 0x00000000f5380000, 0x0000000100000000)
  eden space 291328K, 100% used [0x00000000d5900000,0x00000000e7580000,0x00000000e7580000)
  from space 95744K, 92% used [0x00000000e7580000,0x00000000ecbbe798,0x00000000ed300000)
  to   space 108544K, 0% used [0x00000000ee980000,0x00000000ee980000,0x00000000f5380000)
 ParOldGen       total 195584K, used 84075K [0x0000000080a00000, 0x000000008c900000, 0x00000000d5900000)
  object space 195584K, 42% used [0x0000000080a00000,0x0000000085c1adf0,0x000000008c900000)
 Metaspace       used 8414K, capacity 8622K, committed 8832K, reserved 1056768K
  class space    used 934K, capacity 1031K, committed 1152K, reserved 1048576K
Event: 24.293 GC heap after
Heap after GC invocations=19 (full 1):
 PSYoungGen      total 396800K, used 97273K [0x00000000d5900000, 0x00000000f6c00000, 0x0000000100000000)
  eden space 288256K, 0% used [0x00000000d5900000,0x00000000d5900000,0x00000000e7280000)
  from space 108544K, 89% used [0x00000000ee980000,0x00000000f487e798,0x00000000f5380000)
  to   space 121856K, 0% used [0x00000000e7280000,0x00000000e7280000,0x00000000ee980000)
 ParOldGen       total 195584K, used 84075K [0x0000000080a00000, 0x000000008c900000, 0x00000000d5900000)
  object space 195584K, 42% used [0x0000000080a00000,0x0000000085c1adf0,0x000000008c900000)
 Metaspace       used 8414K, capacity 8622K, committed 8832K, reserved 1056768K
  class space    used 934K, capacity 1031K, committed 1152K, reserved 1048576K
}
Event: 31.080 GC heap before
{Heap before GC invocations=20 (full 1):
 PSYoungGen      total 396800K, used 385529K [0x00000000d5900000, 0x00000000f6c00000, 0x0000000100000000)
  eden space 288256K, 100% used [0x00000000d5900000,0x00000000e7280000,0x00000000e7280000)
  from space 108544K, 89% used [0x00000000ee980000,0x00000000f487e798,0x00000000f5380000)
  to   space 121856K, 0% used [0x00000000e7280000,0x00000000e7280000,0x00000000ee980000)
 ParOldGen       total 195584K, used 84075K [0x0000000080a00000, 0x000000008c900000, 0x00000000d5900000)
  object space 195584K, 42% used [0x0000000080a00000,0x0000000085c1adf0,0x000000008c900000)
 Metaspace       used 8446K, capacity 8686K, committed 8832K, reserved 1056768K
  class space    used 936K, capacity 1031K, committed 1152K, reserved 1048576K
Event: 31.172 GC heap after
Heap after GC invocations=20 (full 1):
 PSYoungGen      total 410112K, used 121849K [0x00000000d5900000, 0x00000000fbf80000, 0x0000000100000000)
  eden space 288256K, 0% used [0x00000000d5900000,0x00000000d5900000,0x00000000e7280000)
  from space 121856K, 99% used [0x00000000e7280000,0x00000000ee97e798,0x00000000ee980000)
  to   space 166400K, 0% used [0x00000000f1d00000,0x00000000f1d00000,0x00000000fbf80000)
 ParOldGen       total 195584K, used 150810K [0x0000000080a00000, 0x000000008c900000, 0x00000000d5900000)
  object space 195584K, 77% used [0x0000000080a00000,0x0000000089d46a30,0x000000008c900000)
 Metaspace       used 8446K, capacity 8686K, committed 8832K, reserved 1056768K
  class space    used 936K, capacity 1031K, committed 1152K, reserved 1048576K
}
Event: 31.173 GC heap before
{Heap before GC invocations=21 (full 2):
 PSYoungGen      total 410112K, used 121849K [0x00000000d5900000, 0x00000000fbf80000, 0x0000000100000000)
  eden space 288256K, 0% used [0x00000000d5900000,0x00000000d5900000,0x00000000e7280000)
  from space 121856K, 99% used [0x00000000e7280000,0x00000000ee97e798,0x00000000ee980000)
  to   space 166400K, 0% used [0x00000000f1d00000,0x00000000f1d00000,0x00000000fbf80000)
 ParOldGen       total 195584K, used 150810K [0x0000000080a00000, 0x000000008c900000, 0x00000000d5900000)
  object space 195584K, 77% used [0x0000000080a00000,0x0000000089d46a30,0x000000008c900000)
 Metaspace       used 8446K, capacity 8686K, committed 8832K, reserved 1056768K
  class space    used 936K, capacity 1031K, committed 1152K, reserved 1048576K
Event: 31.326 GC heap after
Heap after GC invocations=21 (full 2):
 PSYoungGen      total 410112K, used 484K [0x00000000d5900000, 0x00000000fbf80000, 0x0000000100000000)
  eden space 288256K, 0% used [0x00000000d5900000,0x00000000d5900000,0x00000000e7280000)
  from space 121856K, 0% used [0x00000000e7280000,0x00000000e72f92d0,0x00000000ee980000)
  to   space 166400K, 0% used [0x00000000f1d00000,0x00000000f1d00000,0x00000000fbf80000)
 ParOldGen       total 359424K, used 195253K [0x0000000080a00000, 0x0000000096900000, 0x00000000d5900000)
  object space 359424K, 54% used [0x0000000080a00000,0x000000008c8ad440,0x0000000096900000)
 Metaspace       used 8446K, capacity 8686K, committed 8832K, reserved 1056768K
  class space    used 936K, capacity 1031K, committed 1152K, reserved 1048576K
}
Event: 189.254 GC heap before
{Heap before GC invocations=22 (full 2):
 PSYoungGen      total 410112K, used 288740K [0x00000000d5900000, 0x00000000fbf80000, 0x0000000100000000)
  eden space 288256K, 100% used [0x00000000d5900000,0x00000000e7280000,0x00000000e7280000)
  from space 121856K, 0% used [0x00000000e7280000,0x00000000e72f92d0,0x00000000ee980000)
  to   space 166400K, 0% used [0x00000000f1d00000,0x00000000f1d00000,0x00000000fbf80000)
 ParOldGen       total 359424K, used 195253K [0x0000000080a00000, 0x0000000096900000, 0x00000000d5900000)
  object space 359424K, 54% used [0x0000000080a00000,0x000000008c8ad440,0x0000000096900000)
 Metaspace       used 17056K, capacity 17426K, committed 17792K, reserved 1064960K
  class space    used 1949K, capacity 2073K, committed 2176K, reserved 1048576K
Event: 189.456 GC heap after
Heap after GC invocations=22 (full 2):
 PSYoungGen      total 459776K, used 98641K [0x00000000d5900000, 0x00000000fc900000, 0x0000000100000000)
  eden space 293376K, 0% used [0x00000000d5900000,0x00000000d5900000,0x00000000e7780000)
  from space 166400K, 59% used [0x00000000f1d00000,0x00000000f7d54468,0x00000000fbf80000)
  to   space 169472K, 0% used [0x00000000e7780000,0x00000000e7780000,0x00000000f1d00000)
 ParOldGen       total 359424K, used 195261K [0x0000000080a00000, 0x0000000096900000, 0x00000000d5900000)
  object space 359424K, 54% used [0x0000000080a00000,0x000000008c8af440,0x0000000096900000)
 Metaspace       used 17056K, capacity 17426K, committed 17792K, reserved 1064960K
  class space    used 1949K, capacity 2073K, committed 2176K, reserved 1048576K
}
Event: 742.405 GC heap before
{Heap before GC invocations=23 (full 2):
 PSYoungGen      total 459776K, used 392017K [0x00000000d5900000, 0x00000000fc900000, 0x0000000100000000)
  eden space 293376K, 100% used [0x00000000d5900000,0x00000000e7780000,0x00000000e7780000)
  from space 166400K, 59% used [0x00000000f1d00000,0x00000000f7d54468,0x00000000fbf80000)
  to   space 169472K, 0% used [0x00000000e7780000,0x00000000e7780000,0x00000000f1d00000)
 ParOldGen       total 359424K, used 195261K [0x0000000080a00000, 0x0000000096900000, 0x00000000d5900000)
  object space 359424K, 54% used [0x0000000080a00000,0x000000008c8af440,0x0000000096900000)
 Metaspace       used 18399K, capacity 18866K, committed 19200K, reserved 1067008K
  class space    used 2064K, capacity 2199K, committed 2304K, reserved 1048576K
Event: 742.435 GC heap after
Heap after GC invocations=23 (full 2):
 PSYoungGen      total 462848K, used 27856K [0x00000000d5900000, 0x00000000fc480000, 0x0000000100000000)
  eden space 293376K, 0% used [0x00000000d5900000,0x00000000d5900000,0x00000000e7780000)
  from space 169472K, 16% used [0x00000000e7780000,0x00000000e92b4010,0x00000000f1d00000)
  to   space 165888K, 0% used [0x00000000f2280000,0x00000000f2280000,0x00000000fc480000)
 ParOldGen       total 359424K, used 195261K [0x0000000080a00000, 0x0000000096900000, 0x00000000d5900000)
  object space 359424K, 54% used [0x0000000080a00000,0x000000008c8af440,0x0000000096900000)
 Metaspace       used 18399K, capacity 18866K, committed 19200K, reserved 1067008K
  class space    used 2064K, capacity 2199K, committed 2304K, reserved 1048576K
}

