# JRE version: Java(TM) SE Runtime Environment (8.0_101-b13) (build 1.8.0_101-b13)
# Java VM: Java HotSpot(TM) 64-Bit Server VM (25.101-b13 mixed mode windows-amd64 compressed oops)
Heap:
 PSYoungGen      total 622592K, used 504915K [0x00000000d5900000, 0x0000000100000000, 0x0000000100000000)
  eden space 549888K, 86% used [0x00000000d5900000,0x00000000f2ad8e60,0x00000000f7200000)
  from space 72704K, 38% used [0x00000000f7200000,0x00000000f8d3c090,0x00000000fb900000)
  to   space 69120K, 0% used [0x00000000fbc80000,0x00000000fbc80000,0x0000000100000000)
 ParOldGen       total 253952K, used 187326K [0x0000000080a00000, 0x0000000090200000, 0x00000000d5900000)
  object space 253952K, 73% used [0x0000000080a00000,0x000000008c0efa00,0x0000000090200000)
 Metaspace       used 18791K, capacity 19094K, committed 19328K, reserved 1067008K
  class space    used 1987K, capacity 2119K, committed 2176K, reserved 1048576K
GC Heap History (10 events):
Event: 4.910 GC heap before
{Heap before GC invocations=10 (full 0):
 PSYoungGen      total 546304K, used 546304K [0x00000000d5900000, 0x0000000100000000, 0x0000000100000000)
  eden space 526848K, 100% used [0x00000000d5900000,0x00000000f5b80000,0x00000000f5b80000)
  from space 19456K, 100% used [0x00000000f5b80000,0x00000000f6e80000,0x00000000f6e80000)
  to   space 27136K, 0% used [0x00000000fe580000,0x00000000fe580000,0x0000000100000000)
 ParOldGen       total 87552K, used 26448K [0x0000000080a00000, 0x0000000085f80000, 0x00000000d5900000)
  object space 87552K, 30% used [0x0000000080a00000,0x00000000823d4158,0x0000000085f80000)
 Metaspace       used 4878K, capacity 5196K, committed 5504K, reserved 1056768K
  class space    used 526K, capacity 564K, committed 640K, reserved 1048576K
Event: 4.928 GC heap after
Heap after GC invocations=10 (full 0):
 PSYoungGen      total 659968K, used 26416K [0x00000000d5900000, 0x0000000100000000, 0x0000000100000000)
  eden space 632832K, 0% used [0x00000000d5900000,0x00000000d5900000,0x00000000fc300000)
  from space 27136K, 97% used [0x00000000fe580000,0x00000000fff4c250,0x0000000100000000)
  to   space 31232K, 0% used [0x00000000fc300000,0x00000000fc300000,0x00000000fe180000)
 ParOldGen       total 87552K, used 37464K [0x0000000080a00000, 0x0000000085f80000, 0x00000000d5900000)
  object space 87552K, 42% used [0x0000000080a00000,0x0000000082e96158,0x0000000085f80000)
 Metaspace       used 4878K, capacity 5196K, committed 5504K, reserved 1056768K
  class space    used 526K, capacity 564K, committed 640K, reserved 1048576K
}
Event: 7.308 GC heap before
{Heap before GC invocations=11 (full 0):
 PSYoungGen      total 659968K, used 659248K [0x00000000d5900000, 0x0000000100000000, 0x0000000100000000)
  eden space 632832K, 100% used [0x00000000d5900000,0x00000000fc300000,0x00000000fc300000)
  from space 27136K, 97% used [0x00000000fe580000,0x00000000fff4c250,0x0000000100000000)
  to   space 31232K, 0% used [0x00000000fc300000,0x00000000fc300000,0x00000000fe180000)
 ParOldGen       total 87552K, used 37464K [0x0000000080a00000, 0x0000000085f80000, 0x00000000d5900000)
  object space 87552K, 42% used [0x0000000080a00000,0x0000000082e96158,0x0000000085f80000)
 Metaspace       used 4878K, capacity 5196K, committed 5504K, reserved 1056768K
  class space    used 526K, capacity 564K, committed 640K, reserved 1048576K
Event: 7.332 GC heap after
Heap after GC invocations=11 (full 0):
 PSYoungGen      total 655360K, used 22272K [0x00000000d5900000, 0x0000000100000000, 0x0000000100000000)
  eden space 632832K, 0% used [0x00000000d5900000,0x00000000d5900000,0x00000000fc300000)
  from space 22528K, 98% used [0x00000000fc300000,0x00000000fd8c0000,0x00000000fd900000)
  to   space 32768K, 0% used [0x00000000fe000000,0x00000000fe000000,0x0000000100000000)
 ParOldGen       total 87552K, used 62712K [0x0000000080a00000, 0x0000000085f80000, 0x00000000d5900000)
  object space 87552K, 71% used [0x0000000080a00000,0x000000008473e158,0x0000000085f80000)
 Metaspace       used 4878K, capacity 5196K, committed 5504K, reserved 1056768K
  class space    used 526K, capacity 564K, committed 640K, reserved 1048576K
}
Event: 9.727 GC heap before
{Heap before GC invocations=12 (full 0):
 PSYoungGen      total 655360K, used 655104K [0x00000000d5900000, 0x0000000100000000, 0x0000000100000000)
  eden space 632832K, 100% used [0x00000000d5900000,0x00000000fc300000,0x00000000fc300000)
  from space 22528K, 98% used [0x00000000fc300000,0x00000000fd8c0000,0x00000000fd900000)
  to   space 32768K, 0% used [0x00000000fe000000,0x00000000fe000000,0x0000000100000000)
 ParOldGen       total 87552K, used 62712K [0x0000000080a00000, 0x0000000085f80000, 0x00000000d5900000)
  object space 87552K, 71% used [0x0000000080a00000,0x000000008473e158,0x0000000085f80000)
 Metaspace       used 4886K, capacity 5196K, committed 5504K, reserved 1056768K
  class space    used 527K, capacity 564K, committed 640K, reserved 1048576K
Event: 9.782 GC heap after
Heap after GC invocations=12 (full 0):
 PSYoungGen      total 582656K, used 32768K [0x00000000d5900000, 0x0000000100000000, 0x0000000100000000)
  eden space 549888K, 0% used [0x00000000d5900000,0x00000000d5900000,0x00000000f7200000)
  from space 32768K, 100% used [0x00000000fe000000,0x0000000100000000,0x0000000100000000)
  to   space 72704K, 0% used [0x00000000f7200000,0x00000000f7200000,0x00000000fb900000)
 ParOldGen       total 157696K, used 157473K [0x0000000080a00000, 0x000000008a400000, 0x00000000d5900000)
  object space 157696K, 99% used [0x0000000080a00000,0x000000008a3c84e8,0x000000008a400000)
 Metaspace       used 4886K, capacity 5196K, committed 5504K, reserved 1056768K
  class space    used 527K, capacity 564K, committed 640K, reserved 1048576K
}
Event: 9.782 GC heap before
{Heap before GC invocations=13 (full 1):
 PSYoungGen      total 582656K, used 32768K [0x00000000d5900000, 0x0000000100000000, 0x0000000100000000)
  eden space 549888K, 0% used [0x00000000d5900000,0x00000000d5900000,0x00000000f7200000)
  from space 32768K, 100% used [0x00000000fe000000,0x0000000100000000,0x0000000100000000)
  to   space 72704K, 0% used [0x00000000f7200000,0x00000000f7200000,0x00000000fb900000)
 ParOldGen       total 157696K, used 157473K [0x0000000080a00000, 0x000000008a400000, 0x00000000d5900000)
  object space 157696K, 99% used [0x0000000080a00000,0x000000008a3c84e8,0x000000008a400000)
 Metaspace       used 4886K, capacity 5196K, committed 5504K, reserved 1056768K
  class space    used 527K, capacity 564K, committed 640K, reserved 1048576K
Event: 9.909 GC heap after
Heap after GC invocations=13 (full 1):
 PSYoungGen      total 582656K, used 29525K [0x00000000d5900000, 0x0000000100000000, 0x0000000100000000)
  eden space 549888K, 0% used [0x00000000d5900000,0x00000000d5900000,0x00000000f7200000)
  from space 32768K, 90% used [0x00000000fe000000,0x00000000ffcd5658,0x0000000100000000)
  to   space 72704K, 0% used [0x00000000f7200000,0x00000000f7200000,0x00000000fb900000)
 ParOldGen       total 253952K, used 157690K [0x0000000080a00000, 0x0000000090200000, 0x00000000d5900000)
  object space 253952K, 62% used [0x0000000080a00000,0x000000008a3fe930,0x0000000090200000)
 Metaspace       used 4886K, capacity 5196K, committed 5504K, reserved 1056768K
  class space    used 527K, capacity 564K, committed 640K, reserved 1048576K
}
Event: 648.876 GC heap before
{Heap before GC invocations=14 (full 1):
 PSYoungGen      total 582656K, used 579413K [0x00000000d5900000, 0x0000000100000000, 0x0000000100000000)
  eden space 549888K, 100% used [0x00000000d5900000,0x00000000f7200000,0x00000000f7200000)
  from space 32768K, 90% used [0x00000000fe000000,0x00000000ffcd5658,0x0000000100000000)
  to   space 72704K, 0% used [0x00000000f7200000,0x00000000f7200000,0x00000000fb900000)
 ParOldGen       total 253952K, used 157690K [0x0000000080a00000, 0x0000000090200000, 0x00000000d5900000)
  object space 253952K, 62% used [0x0000000080a00000,0x000000008a3fe930,0x0000000090200000)
 Metaspace       used 14372K, capacity 14594K, committed 14848K, reserved 1062912K
  class space    used 1673K, capacity 1781K, committed 1792K, reserved 1048576K
Event: 648.939 GC heap after
Heap after GC invocations=14 (full 1):
 PSYoungGen      total 622592K, used 27888K [0x00000000d5900000, 0x0000000100000000, 0x0000000100000000)
  eden space 549888K, 0% used [0x00000000d5900000,0x00000000d5900000,0x00000000f7200000)
  from space 72704K, 38% used [0x00000000f7200000,0x00000000f8d3c090,0x00000000fb900000)
  to   space 69120K, 0% used [0x00000000fbc80000,0x00000000fbc80000,0x0000000100000000)
 ParOldGen       total 253952K, used 187326K [0x0000000080a00000, 0x0000000090200000, 0x00000000d5900000)
  object space 253952K, 73% used [0x0000000080a00000,0x000000008c0efa00,0x0000000090200000)
 Metaspace       used 14372K, capacity 14594K, committed 14848K, reserved 1062912K
  class space    used 1673K, capacity 1781K, committed 1792K, reserved 1048576K
}

