# JRE version: Java(TM) SE Runtime Environment (8.0_101-b13) (build 1.8.0_101-b13)
# Java VM: Java HotSpot(TM) 64-Bit Server VM (25.101-b13 mixed mode windows-amd64 compressed oops)
Heap:
 PSYoungGen      total 605184K, used 155468K [0x00000000d5900000, 0x0000000100000000, 0x0000000100000000)
  eden space 557056K, 19% used [0x00000000d5900000,0x00000000dc237678,0x00000000f7900000)
  from space 48128K, 99% used [0x00000000f7900000,0x00000000fa79bad0,0x00000000fa800000)
  to   space 73216K, 0% used [0x00000000fb880000,0x00000000fb880000,0x0000000100000000)
 ParOldGen       total 227328K, used 170992K [0x0000000080a00000, 0x000000008e800000, 0x00000000d5900000)
  object space 227328K, 75% used [0x0000000080a00000,0x000000008b0fc298,0x000000008e800000)
 Metaspace       used 16984K, capacity 17276K, committed 17664K, reserved 1064960K
  class space    used 1922K, capacity 2028K, committed 2048K, reserved 1048576K
GC Heap History (10 events):
Event: 5.541 GC heap before
{Heap before GC invocations=10 (full 0):
 PSYoungGen      total 546304K, used 546304K [0x00000000d5900000, 0x0000000100000000, 0x0000000100000000)
  eden space 526848K, 100% used [0x00000000d5900000,0x00000000f5b80000,0x00000000f5b80000)
  from space 19456K, 100% used [0x00000000f5b80000,0x00000000f6e80000,0x00000000f6e80000)
  to   space 27136K, 0% used [0x00000000fe580000,0x00000000fe580000,0x0000000100000000)
 ParOldGen       total 87552K, used 26484K [0x0000000080a00000, 0x0000000085f80000, 0x00000000d5900000)
  object space 87552K, 30% used [0x0000000080a00000,0x00000000823dd148,0x0000000085f80000)
 Metaspace       used 4876K, capacity 5196K, committed 5504K, reserved 1056768K
  class space    used 526K, capacity 564K, committed 640K, reserved 1048576K
Event: 5.559 GC heap after
Heap after GC invocations=10 (full 0):
 PSYoungGen      total 652800K, used 27136K [0x00000000d5900000, 0x0000000100000000, 0x0000000100000000)
  eden space 625664K, 0% used [0x00000000d5900000,0x00000000d5900000,0x00000000fbc00000)
  from space 27136K, 100% used [0x00000000fe580000,0x0000000100000000,0x0000000100000000)
  to   space 34816K, 0% used [0x00000000fbc00000,0x00000000fbc00000,0x00000000fde00000)
 ParOldGen       total 87552K, used 35740K [0x0000000080a00000, 0x0000000085f80000, 0x00000000d5900000)
  object space 87552K, 40% used [0x0000000080a00000,0x0000000082ce7148,0x0000000085f80000)
 Metaspace       used 4876K, capacity 5196K, committed 5504K, reserved 1056768K
  class space    used 526K, capacity 564K, committed 640K, reserved 1048576K
}
Event: 8.308 GC heap before
{Heap before GC invocations=11 (full 0):
 PSYoungGen      total 652800K, used 652800K [0x00000000d5900000, 0x0000000100000000, 0x0000000100000000)
  eden space 625664K, 100% used [0x00000000d5900000,0x00000000fbc00000,0x00000000fbc00000)
  from space 27136K, 100% used [0x00000000fe580000,0x0000000100000000,0x0000000100000000)
  to   space 34816K, 0% used [0x00000000fbc00000,0x00000000fbc00000,0x00000000fde00000)
 ParOldGen       total 87552K, used 35740K [0x0000000080a00000, 0x0000000085f80000, 0x00000000d5900000)
  object space 87552K, 40% used [0x0000000080a00000,0x0000000082ce7148,0x0000000085f80000)
 Metaspace       used 4876K, capacity 5196K, committed 5504K, reserved 1056768K
  class space    used 526K, capacity 564K, committed 640K, reserved 1048576K
Event: 8.334 GC heap after
Heap after GC invocations=11 (full 0):
 PSYoungGen      total 647680K, used 21888K [0x00000000d5900000, 0x0000000100000000, 0x0000000100000000)
  eden space 625664K, 0% used [0x00000000d5900000,0x00000000d5900000,0x00000000fbc00000)
  from space 22016K, 99% used [0x00000000fbc00000,0x00000000fd160000,0x00000000fd180000)
  to   space 35328K, 0% used [0x00000000fdd80000,0x00000000fdd80000,0x0000000100000000)
 ParOldGen       total 87552K, used 62844K [0x0000000080a00000, 0x0000000085f80000, 0x00000000d5900000)
  object space 87552K, 71% used [0x0000000080a00000,0x000000008475f148,0x0000000085f80000)
 Metaspace       used 4876K, capacity 5196K, committed 5504K, reserved 1056768K
  class space    used 526K, capacity 564K, committed 640K, reserved 1048576K
}
Event: 11.128 GC heap before
{Heap before GC invocations=12 (full 0):
 PSYoungGen      total 647680K, used 647552K [0x00000000d5900000, 0x0000000100000000, 0x0000000100000000)
  eden space 625664K, 100% used [0x00000000d5900000,0x00000000fbc00000,0x00000000fbc00000)
  from space 22016K, 99% used [0x00000000fbc00000,0x00000000fd160000,0x00000000fd180000)
  to   space 35328K, 0% used [0x00000000fdd80000,0x00000000fdd80000,0x0000000100000000)
 ParOldGen       total 87552K, used 62844K [0x0000000080a00000, 0x0000000085f80000, 0x00000000d5900000)
  object space 87552K, 71% used [0x0000000080a00000,0x000000008475f148,0x0000000085f80000)
 Metaspace       used 4885K, capacity 5196K, committed 5504K, reserved 1056768K
  class space    used 527K, capacity 564K, committed 640K, reserved 1048576K
Event: 11.178 GC heap after
Heap after GC invocations=12 (full 0):
 PSYoungGen      total 592384K, used 35328K [0x00000000d5900000, 0x0000000100000000, 0x0000000100000000)
  eden space 557056K, 0% used [0x00000000d5900000,0x00000000d5900000,0x00000000f7900000)
  from space 35328K, 100% used [0x00000000fdd80000,0x0000000100000000,0x0000000100000000)
  to   space 69120K, 0% used [0x00000000f7900000,0x00000000f7900000,0x00000000fbc80000)
 ParOldGen       total 138752K, used 138632K [0x0000000080a00000, 0x0000000089180000, 0x00000000d5900000)
  object space 138752K, 99% used [0x0000000080a00000,0x0000000089162040,0x0000000089180000)
 Metaspace       used 4885K, capacity 5196K, committed 5504K, reserved 1056768K
  class space    used 527K, capacity 564K, committed 640K, reserved 1048576K
}
Event: 11.178 GC heap before
{Heap before GC invocations=13 (full 1):
 PSYoungGen      total 592384K, used 35328K [0x00000000d5900000, 0x0000000100000000, 0x0000000100000000)
  eden space 557056K, 0% used [0x00000000d5900000,0x00000000d5900000,0x00000000f7900000)
  from space 35328K, 100% used [0x00000000fdd80000,0x0000000100000000,0x0000000100000000)
  to   space 69120K, 0% used [0x00000000f7900000,0x00000000f7900000,0x00000000fbc80000)
 ParOldGen       total 138752K, used 138632K [0x0000000080a00000, 0x0000000089180000, 0x00000000d5900000)
  object space 138752K, 99% used [0x0000000080a00000,0x0000000089162040,0x0000000089180000)
 Metaspace       used 4885K, capacity 5196K, committed 5504K, reserved 1056768K
  class space    used 527K, capacity 564K, committed 640K, reserved 1048576K
Event: 11.294 GC heap after
Heap after GC invocations=13 (full 1):
 PSYoungGen      total 592384K, used 32122K [0x00000000d5900000, 0x0000000100000000, 0x0000000100000000)
  eden space 557056K, 0% used [0x00000000d5900000,0x00000000d5900000,0x00000000f7900000)
  from space 35328K, 90% used [0x00000000fdd80000,0x00000000ffcde900,0x0000000100000000)
  to   space 69120K, 0% used [0x00000000f7900000,0x00000000f7900000,0x00000000fbc80000)
 ParOldGen       total 227328K, used 138748K [0x0000000080a00000, 0x000000008e800000, 0x00000000d5900000)
  object space 227328K, 61% used [0x0000000080a00000,0x000000008917f0a0,0x000000008e800000)
 Metaspace       used 4885K, capacity 5196K, committed 5504K, reserved 1056768K
  class space    used 527K, capacity 564K, committed 640K, reserved 1048576K
}
Event: 177.482 GC heap before
{Heap before GC invocations=14 (full 1):
 PSYoungGen      total 592384K, used 589178K [0x00000000d5900000, 0x0000000100000000, 0x0000000100000000)
  eden space 557056K, 100% used [0x00000000d5900000,0x00000000f7900000,0x00000000f7900000)
  from space 35328K, 90% used [0x00000000fdd80000,0x00000000ffcde900,0x0000000100000000)
  to   space 69120K, 0% used [0x00000000f7900000,0x00000000f7900000,0x00000000fbc80000)
 ParOldGen       total 227328K, used 138748K [0x0000000080a00000, 0x000000008e800000, 0x00000000d5900000)
  object space 227328K, 61% used [0x0000000080a00000,0x000000008917f0a0,0x000000008e800000)
 Metaspace       used 16420K, capacity 16738K, committed 17152K, reserved 1064960K
  class space    used 1898K, capacity 2021K, committed 2048K, reserved 1048576K
Event: 178.416 GC heap after
Heap after GC invocations=14 (full 1):
 PSYoungGen      total 605184K, used 47726K [0x00000000d5900000, 0x0000000100000000, 0x0000000100000000)
  eden space 557056K, 0% used [0x00000000d5900000,0x00000000d5900000,0x00000000f7900000)
  from space 48128K, 99% used [0x00000000f7900000,0x00000000fa79bad0,0x00000000fa800000)
  to   space 73216K, 0% used [0x00000000fb880000,0x00000000fb880000,0x0000000100000000)
 ParOldGen       total 227328K, used 170992K [0x0000000080a00000, 0x000000008e800000, 0x00000000d5900000)
  object space 227328K, 75% used [0x0000000080a00000,0x000000008b0fc298,0x000000008e800000)
 Metaspace       used 16420K, capacity 16738K, committed 17152K, reserved 1064960K
  class space    used 1898K, capacity 2021K, committed 2048K, reserved 1048576K
}

